<?xml version="1.0" encoding="UTF-8"?>
<!-- Generated by org.testng.reporters.JUnitReportReporter -->
<testsuite hostname="MWDH-Work2" failures="0" tests="1" name="ass1W10D3.Test1" time="0.007" errors="0" timestamp="2022-08-20T06:23:59 AST" skipped="0">
  <testcase classname="ass1W10D3.Test1" name="test1" time="0.007"/>
  <system-out/>
</testsuite> <!-- ass1W10D3.Test1 -->
